<?xml version="1.0" encoding="UTF-8"?>
<!-- Generated by org.testng.reporters.JUnitReportReporter -->
<testsuite hostname="DESKTOP-MAE4USJ" failures="0" tests="2" name="SeleniumTestNG.GroupsDemo" time="0.044" errors="0" timestamp="2024-04-19T17:45:27 IST" skipped="0">
  <testcase classname="SeleniumTestNG.GroupsDemo" name="test" time="0.035"/>
  <testcase classname="SeleniumTestNG.GroupsDemo" name="test3" time="0.009"/>
</testsuite> <!-- SeleniumTestNG.GroupsDemo -->
