<?xml version="1.0" encoding="UTF-8"?>
<!-- Generated by org.testng.reporters.JUnitReportReporter -->
<testsuite hostname="DESKTOP-MAE4USJ" failures="0" tests="2" name="SeleniumTestNG.demo2" time="0.008" errors="0" timestamp="2024-04-18T09:15:48 IST" skipped="0">
  <testcase classname="SeleniumTestNG.demo2" name="name3" time="0.003"/>
  <testcase classname="SeleniumTestNG.demo2" name="name4" time="0.005"/>
</testsuite> <!-- SeleniumTestNG.demo2 -->
