<?xml version="1.0" encoding="UTF-8"?>
<!-- Generated by org.testng.reporters.JUnitReportReporter -->
<testsuite hostname="DESKTOP-MAE4USJ" failures="0" tests="1" name="testcases.VerifyLoginTestCase" time="5.215" errors="0" timestamp="2024-04-23T22:32:36 IST" skipped="0">
  <testcase classname="testcases.VerifyLoginTestCase" name="verifyLoginWithValidData" time="5.215"/>
</testsuite> <!-- testcases.VerifyLoginTestCase -->
