<?xml version="1.0" encoding="UTF-8"?>
<!-- Generated by org.testng.reporters.JUnitReportReporter -->
<testsuite hostname="DESKTOP-MAE4USJ" failures="0" tests="1" name="SeleniumTestNG.AssertionRealExample" time="7.615" errors="0" timestamp="2024-04-19T17:31:11 IST" skipped="0">
  <testcase classname="SeleniumTestNG.AssertionRealExample" name="login" time="7.615"/>
</testsuite> <!-- SeleniumTestNG.AssertionRealExample -->
