<?xml version="1.0" encoding="UTF-8"?>
<!-- Generated by org.testng.reporters.JUnitReportReporter -->
<testsuite hostname="DESKTOP-MAE4USJ" failures="0" tests="2" name="SeleniumTestNG.demo1" time="0.010" errors="0" timestamp="2024-04-18T09:15:47 IST" skipped="0">
  <testcase classname="SeleniumTestNG.demo1" name="name2" time="0.003"/>
  <testcase classname="SeleniumTestNG.demo1" name="name1" time="0.007"/>
</testsuite> <!-- SeleniumTestNG.demo1 -->
